<?xml version="1.0" encoding="UTF-8"?>
<testng-results skipped="0" failed="0" ignored="0" total="9" passed="9">
  <reporter-output>
  </reporter-output>
  <suite name="All Test Suite" duration-ms="177172" started-at="2023-10-14T01:41:44 BDT" finished-at="2023-10-14T01:44:41 BDT">
    <groups>
    </groups>
    <test name="D:/SQA/SQA_assesment2- mobile/Mobile" duration-ms="177172" started-at="2023-10-14T01:41:44 BDT" finished-at="2023-10-14T01:44:41 BDT">
      <class name="testCase.HomePageTest">
        <test-method status="PASS" signature="setUp()[pri:0, instance:testCase.HomePageTest@5abca1e0]" name="setUp" is-config="true" duration-ms="11653" started-at="2023-10-14T01:41:44 BDT" finished-at="2023-10-14T01:41:56 BDT">
          <reporter-output>
          </reporter-output>
        </test-method> <!-- setUp -->
        <test-method status="PASS" signature="testAppAutomation()[pri:0, instance:testCase.HomePageTest@5abca1e0]" name="testAppAutomation" duration-ms="8560" started-at="2023-10-14T01:41:56 BDT" finished-at="2023-10-14T01:42:04 BDT">
          <reporter-output>
          </reporter-output>
        </test-method> <!-- testAppAutomation -->
        <test-method status="PASS" signature="LoginPages()[pri:0, instance:testCase.HomePageTest@5abca1e0]" name="LoginPages" duration-ms="20957" started-at="2023-10-14T01:42:04 BDT" finished-at="2023-10-14T01:42:25 BDT">
          <reporter-output>
          </reporter-output>
        </test-method> <!-- LoginPages -->
        <test-method status="PASS" signature="HomeMenuPage()[pri:0, instance:testCase.HomePageTest@5abca1e0]" name="HomeMenuPage" duration-ms="14831" started-at="2023-10-14T01:42:25 BDT" finished-at="2023-10-14T01:42:40 BDT">
          <reporter-output>
          </reporter-output>
        </test-method> <!-- HomeMenuPage -->
        <test-method status="PASS" signature="AddCardPart()[pri:0, instance:testCase.HomePageTest@5abca1e0]" name="AddCardPart" duration-ms="20329" started-at="2023-10-14T01:42:40 BDT" finished-at="2023-10-14T01:43:00 BDT">
          <reporter-output>
          </reporter-output>
        </test-method> <!-- AddCardPart -->
        <test-method status="PASS" signature="WishListRemove()[pri:0, instance:testCase.HomePageTest@5abca1e0]" name="WishListRemove" duration-ms="9851" started-at="2023-10-14T01:43:00 BDT" finished-at="2023-10-14T01:43:10 BDT">
          <reporter-output>
          </reporter-output>
        </test-method> <!-- WishListRemove -->
        <test-method status="PASS" signature="NewAddressAdd()[pri:0, instance:testCase.HomePageTest@5abca1e0]" name="NewAddressAdd" duration-ms="46041" started-at="2023-10-14T01:43:10 BDT" finished-at="2023-10-14T01:43:56 BDT">
          <reporter-output>
          </reporter-output>
        </test-method> <!-- NewAddressAdd -->
        <test-method status="PASS" signature="UpdateMyAccountInfo()[pri:0, instance:testCase.HomePageTest@5abca1e0]" name="UpdateMyAccountInfo" duration-ms="26072" started-at="2023-10-14T01:43:56 BDT" finished-at="2023-10-14T01:44:22 BDT">
          <reporter-output>
          </reporter-output>
        </test-method> <!-- UpdateMyAccountInfo -->
        <test-method status="PASS" signature="DeleteAddress()[pri:0, instance:testCase.HomePageTest@5abca1e0]" name="DeleteAddress" duration-ms="8911" started-at="2023-10-14T01:44:22 BDT" finished-at="2023-10-14T01:44:31 BDT">
          <reporter-output>
          </reporter-output>
        </test-method> <!-- DeleteAddress -->
        <test-method status="PASS" signature="CardProductDelete()[pri:0, instance:testCase.HomePageTest@5abca1e0]" name="CardProductDelete" duration-ms="9910" started-at="2023-10-14T01:44:31 BDT" finished-at="2023-10-14T01:44:41 BDT">
          <reporter-output>
          </reporter-output>
        </test-method> <!-- CardProductDelete -->
      </class> <!-- testCase.HomePageTest -->
    </test> <!-- D:/SQA/SQA_assesment2- mobile/Mobile -->
  </suite> <!-- All Test Suite -->
</testng-results>
